This is pdfTeX, Version 3.1415926-2.5-1.40.14 (TeX Live 2013/Debian) (format=latex 2014.6.20)  27 JUN 2014 10:15
entering extended mode
 restricted \write18 enabled.
 %&-line parsing enabled.
**\input FuncionEjemplo.tex
(./FuncionEjemplo.tex
! Undefined control sequence.
<recently read> \includegraphics 
                                 
l.7 \includegraphics
                    {FuncionEjemplo-inc}
The control sequence at the end of the top line
of your error message was never \def'ed. If you have
misspelled it (e.g., `\hobx'), type `I' and the correct
spelling (e.g., `I\hbox'). Otherwise just continue,
and I'll forget about whatever was undefined.

Missing character: There is no F in font nullfont!
Missing character: There is no u in font nullfont!
Missing character: There is no n in font nullfont!
Missing character: There is no c in font nullfont!
Missing character: There is no i in font nullfont!
Missing character: There is no o in font nullfont!
Missing character: There is no n in font nullfont!
Missing character: There is no E in font nullfont!
Missing character: There is no j in font nullfont!
Missing character: There is no e in font nullfont!
Missing character: There is no m in font nullfont!
Missing character: There is no p in font nullfont!
Missing character: There is no l in font nullfont!
Missing character: There is no o in font nullfont!
Missing character: There is no - in font nullfont!
Missing character: There is no i in font nullfont!
Missing character: There is no n in font nullfont!
Missing character: There is no c in font nullfont!

! LaTeX Error: Missing \begin{document}.

See the LaTeX manual or LaTeX Companion for explanation.
Type  H <return>  for immediate help.
 ...                                              
                                                  
l.8 \end{picture}
                 %
You're in trouble here.  Try typing  <return>  to proceed.
If that doesn't work, type  X <return>  to quit.


LaTeX Font Warning: Font shape `OT1/cmr/m/n' in size <30> not available
(Font)              size <24.88> substituted on input line 11.

! Undefined control sequence.
<argument> \textcolor 
                      [rgb]{0,0,0}{{-2$\pi $}}
l.11 ...,0)[t]{\textcolor[rgb]{0,0,0}{{-2$\pi$}}}}
                                                  
The control sequence at the end of the top line
of your error message was never \def'ed. If you have
misspelled it (e.g., `\hobx'), type `I' and the correct
spelling (e.g., `I\hbox'). Otherwise just continue,
and I'll forget about whatever was undefined.

LaTeX Font Info:    Calculating math sizes for size <30> on input line 11.

LaTeX Font Warning: Font shape `OT1/cmr/m/n' in size <15> not available
(Font)              size <14.4> substituted on input line 11.


LaTeX Font Warning: Font shape `OML/cmm/m/it' in size <30> not available
(Font)              size <24.88> substituted on input line 11.


LaTeX Font Warning: Font shape `OML/cmm/m/it' in size <15> not available
(Font)              size <14.4> substituted on input line 11.


LaTeX Font Warning: Font shape `OMS/cmsy/m/n' in size <30> not available
(Font)              size <24.88> substituted on input line 11.


LaTeX Font Warning: Font shape `OMS/cmsy/m/n' in size <15> not available
(Font)              size <14.4> substituted on input line 11.

LaTeX Font Info:    External font `cmex10' loaded for size
(Font)              <30> on input line 11.
LaTeX Font Info:    External font `cmex10' loaded for size
(Font)              <20.99991> on input line 11.
LaTeX Font Info:    External font `cmex10' loaded for size
(Font)              <15> on input line 11.
! Undefined control sequence.
<argument> \textcolor 
                      [rgb]{0,0,0}{{-$\pi $}}
l.13 ...0,0)[t]{\textcolor[rgb]{0,0,0}{{-$\pi$}}}}
                                                  
The control sequence at the end of the top line
of your error message was never \def'ed. If you have
misspelled it (e.g., `\hobx'), type `I' and the correct
spelling (e.g., `I\hbox'). Otherwise just continue,
and I'll forget about whatever was undefined.

! Undefined control sequence.
<argument> \textcolor 
                      [rgb]{0,0,0}{{0}}
l.15 ...ebox(0,0)[t]{\textcolor[rgb]{0,0,0}{{0}}}}
                                                  
The control sequence at the end of the top line
of your error message was never \def'ed. If you have
misspelled it (e.g., `\hobx'), type `I' and the correct
spelling (e.g., `I\hbox'). Otherwise just continue,
and I'll forget about whatever was undefined.

! Undefined control sequence.
<argument> \textcolor 
                      [rgb]{0,0,0}{{$\pi $}}
l.17 ...(0,0)[t]{\textcolor[rgb]{0,0,0}{{$\pi$}}}}
                                                  
The control sequence at the end of the top line
of your error message was never \def'ed. If you have
misspelled it (e.g., `\hobx'), type `I' and the correct
spelling (e.g., `I\hbox'). Otherwise just continue,
and I'll forget about whatever was undefined.

! Undefined control sequence.
<argument> \textcolor 
                      [rgb]{0,0,0}{{2$\pi $}}
l.19 ...0,0)[t]{\textcolor[rgb]{0,0,0}{{2$\pi$}}}}
                                                  
The control sequence at the end of the top line
of your error message was never \def'ed. If you have
misspelled it (e.g., `\hobx'), type `I' and the correct
spelling (e.g., `I\hbox'). Otherwise just continue,
and I'll forget about whatever was undefined.

! Undefined control sequence.
<argument> \textcolor 
                      [rgb]{0,0,0}{{-10}}
l.21 ...ox(0,0)[r]{\textcolor[rgb]{0,0,0}{{-10}}}}
                                                  
The control sequence at the end of the top line
of your error message was never \def'ed. If you have
misspelled it (e.g., `\hobx'), type `I' and the correct
spelling (e.g., `I\hbox'). Otherwise just continue,
and I'll forget about whatever was undefined.

! Undefined control sequence.
<argument> \textcolor 
                      [rgb]{0,0,0}{{0}}
l.23 ...ebox(0,0)[r]{\textcolor[rgb]{0,0,0}{{0}}}}
                                                  
The control sequence at the end of the top line
of your error message was never \def'ed. If you have
misspelled it (e.g., `\hobx'), type `I' and the correct
spelling (e.g., `I\hbox'). Otherwise just continue,
and I'll forget about whatever was undefined.

! Undefined control sequence.
<argument> \textcolor 
                      [rgb]{0,0,0}{{10}}
l.25 ...box(0,0)[r]{\textcolor[rgb]{0,0,0}{{10}}}}
                                                  
The control sequence at the end of the top line
of your error message was never \def'ed. If you have
misspelled it (e.g., `\hobx'), type `I' and the correct
spelling (e.g., `I\hbox'). Otherwise just continue,
and I'll forget about whatever was undefined.

)
! Emergency stop.
<*> \input FuncionEjemplo.tex
                             
*** (job aborted, no legal \end found)

 
Here is how much of TeX's memory you used:
 33 strings out of 493305
 566 string characters out of 6139897
 51877 words of memory out of 5000000
 3589 multiletter control sequences out of 15000+600000
 6381 words of font info for 23 fonts, out of 8000000 for 9000
 957 hyphenation exceptions out of 8191
 22i,6n,18p,133b,168s stack positions out of 5000i,500n,10000p,200000b,80000s
No pages of output.
